<?xml version="1.0" encoding="UTF-8"?>
<!-- Generated by org.testng.reporters.JUnitXMLReporter -->
<testsuite ignored="0" hostname="DESKTOP-MUHKPE8" failures="0" tests="3" name="Test" time="102.695" errors="0" timestamp="2022-09-12T17:40:14 IST">
  <testcase classname="ParallelExecution.Parallel" name="selenium" time="72.266"/>
  <testcase classname="ParallelExecution.Parallel" name="filp" time="90.216"/>
  <testcase classname="ParallelExecution.Parallel" name="Naukri" time="102.5"/>
</testsuite> <!-- Test -->
